INFO:apscheduler.scheduler:Adding job tentatively -- it will be properly scheduled when the scheduler starts
INFO:apscheduler.scheduler:Added job "scrape_nutrition_daily" to job store "default"
INFO:apscheduler.scheduler:Scheduler started
INFO:__main__:Scraping nutrition info at 2025-04-06 15:19:49.241899
INFO:__main__:No data available for cjl Breakfast
INFO:__main__:Storing cjl Lunch
INFO:__main__:Storing cjl Dinner
INFO:__main__:No data available for forbes Breakfast
INFO:__main__:Storing forbes Lunch
INFO:__main__:Storing forbes Dinner
INFO:__main__:No data available for gradcollege Breakfast
INFO:__main__:No data available for gradcollege Lunch
INFO:__main__:No data available for gradcollege Dinner
INFO:__main__:No data available for roma Breakfast
INFO:__main__:Storing roma Lunch
INFO:__main__:Storing roma Dinner
INFO:__main__:No data available for whitman Breakfast
INFO:__main__:No data available for whitman Lunch
INFO:__main__:No data available for whitman Dinner
INFO:__main__:No data available for yeh Breakfast
INFO:__main__:Storing yeh Lunch
INFO:__main__:Storing yeh Dinner
INFO:apscheduler.scheduler:Scheduler has been shut down
